INFO:  latexindent.pl version 3.24.4, 2024-07-18, a script to indent .tex files
       latexindent.pl lives here: /usr/share/texmf-dist/scripts/latexindent/
       Tue Sep 23 21:18:26 2025
       Filename: /home/gabrielaquino/Documents/docker-workspace/docker-latex/Projects/ICP473-Segurança-da-Informação/ICP473-Slides/slides-por-aula/__latexindent_temp_Apresentação-do-Curso.tex
INFO:  Processing switches:
       -y|--yaml: YAML settings specified via command line
       -c|--cruft: cruft directory
INFO:  Directory for backup files and log file /home/gabrielaquino/Documents/docker-workspace/docker-latex/Projects/ICP473-Segurança-da-Informação/ICP473-Slides/indent.log:
       /home/gabrielaquino/Documents/docker-workspace/docker-latex/Projects/ICP473-Segurança-da-Informação/ICP473-Slides/
INFO:  Perl modules are being loaded from the following directories:
       /usr/share/perl5/core_perl/FindBin.pm
       /usr/share/perl5/vendor_perl/YAML/Tiny.pm
       /usr/share/perl5/core_perl/File/Copy.pm
       /usr/share/perl5/core_perl/File/Basename.pm
       /usr/share/perl5/core_perl/Getopt/Long.pm
       /usr/share/perl5/vendor_perl/File/HomeDir.pm
INFO:  LatexIndent perl modules are being loaded from, for example:
       /usr/share/texmf-dist/scripts/latexindent/LatexIndent/Document.pm
INFO:  YAML settings read: defaultSettings.yaml
       Reading defaultSettings.yaml from /usr/share/texmf-dist/scripts/latexindent/defaultSettings.yaml
INFO:  YAML reading settings
       Home directory is /home/gabrielaquino
       latexindent.pl didn't find indentconfig.yaml or .indentconfig.yaml
       see all possible locations: https://latexindentpl.readthedocs.io/en/latest/sec-appendices.html#indentconfig-options)
INFO:  YAML settings read: -y switch
       YAML setting: defaultIndent:'  '
       single-quoted string found in -y switch: '  ', substitute to   
       Updating mainSettings with defaultIndent:   
INFO:  Phase 1: searching for objects
INFO:  Phase 2: finding surrounding indentation
INFO:  Phase 3: indenting objects
INFO:  Phase 4: final indentation check
INFO:  Output routine:
       Not outputting to file; see -w and -o switches for more options.
       --------------
INFO:  Please direct all communication/issues to:
        https://github.com/cmhughes/latexindent.pl
