This is pdfTeX, Version 3.141592653-2.6-1.40.27 (TeX Live 2026/dev/Arch Linux) (preloaded format=pdflatex 2025.9.23)  24 SEP 2025 17:22
entering extended mode
 restricted \write18 enabled.
 file:line:error style messages enabled.
 %&-line parsing enabled.
**/home/gabrielaquino/Documents/docker-workspace/docker-latex/Projects/ICP473-Segurança-da-Informação/ICP473-Slides/sample.tex
(/home/gabrielaquino/Documents/docker-workspace/docker-latex/Projects/ICP473-Segurança-da-Informação/ICP473-Slides/sample.tex
LaTeX2e <2024-11-01> patch level 2
L3 programming layer <2025-01-18>
(/usr/share/texmf-dist/tex/latex/beamer/beamer.cls
Document Class: beamer 2025/02/04 v3.72 A class for typesetting presentations
(/usr/share/texmf-dist/tex/latex/beamer/beamerbasemodes.sty (/usr/share/texmf-dist/tex/latex/etoolbox/etoolbox.sty
Package: etoolbox 2025/02/11 v2.5l e-TeX tools for LaTeX (JAW)
\etb@tempcnta=\count196
)
\beamer@tempbox=\box52
\beamer@tempcount=\count197
\c@beamerpauses=\count198
 (/usr/share/texmf-dist/tex/latex/beamer/beamerbasedecode.sty
\beamer@slideinframe=\count199
\beamer@minimum=\count266
\beamer@decode@box=\box53
)
\beamer@commentbox=\box54
\beamer@modecount=\count267
) (/usr/share/texmf-dist/tex/generic/iftex/iftex.sty
Package: iftex 2024/12/12 v1.0g TeX engine tests
)
\headdp=\dimen141
\footheight=\dimen142
\sidebarheight=\dimen143
\beamer@tempdim=\dimen144
\beamer@finalheight=\dimen145
\beamer@animht=\dimen146
\beamer@animdp=\dimen147
\beamer@animwd=\dimen148
\beamer@leftmargin=\dimen149
\beamer@rightmargin=\dimen150
\beamer@leftsidebar=\dimen151
\beamer@rightsidebar=\dimen152
\beamer@boxsize=\dimen153
\beamer@vboxoffset=\dimen154
\beamer@descdefault=\dimen155
\beamer@descriptionwidth=\dimen156
\beamer@lastskip=\skip49
\beamer@areabox=\box55
\beamer@animcurrent=\box56
\beamer@animshowbox=\box57
\beamer@sectionbox=\box58
\beamer@logobox=\box59
\beamer@linebox=\box60
\beamer@sectioncount=\count268
\beamer@subsubsectionmax=\count269
\beamer@subsectionmax=\count270
\beamer@sectionmax=\count271
\beamer@totalheads=\count272
\beamer@headcounter=\count273
\beamer@partstartpage=\count274
\beamer@sectionstartpage=\count275
\beamer@subsectionstartpage=\count276
\beamer@animationtempa=\count277
\beamer@animationtempb=\count278
\beamer@xpos=\count279
\beamer@ypos=\count280
\beamer@ypos@offset=\count281
\beamer@showpartnumber=\count282
\beamer@currentsubsection=\count283
\beamer@coveringdepth=\count284
\beamer@sectionadjust=\count285
\beamer@toclastsection=\count286
\beamer@tocsectionnumber=\count287
 (/usr/share/texmf-dist/tex/latex/beamer/beamerbaseoptions.sty (/usr/share/texmf-dist/tex/latex/graphics/keyval.sty
Package: keyval 2022/05/29 v1.15 key=value parser (DPC)
\KV@toks@=\toks17
))
\beamer@paperwidth=\skip50
\beamer@paperheight=\skip51
 (/usr/share/texmf-dist/tex/latex/geometry/geometry.sty
Package: geometry 2020/01/02 v5.9 Page Geometry
 (/usr/share/texmf-dist/tex/generic/iftex/ifvtex.sty
Package: ifvtex 2019/10/25 v1.7 ifvtex legacy package. Use iftex instead.
)
\Gm@cnth=\count288
\Gm@cntv=\count289
\c@Gm@tempcnt=\count290
\Gm@bindingoffset=\dimen157
\Gm@wd@mp=\dimen158
\Gm@odd@mp=\dimen159
\Gm@even@mp=\dimen160
\Gm@layoutwidth=\dimen161
\Gm@layoutheight=\dimen162
\Gm@layouthoffset=\dimen163
\Gm@layoutvoffset=\dimen164
\Gm@dimlist=\toks18
) (/usr/share/texmf-dist/tex/latex/pgf/math/pgfmath.sty (/usr/share/texmf-dist/tex/latex/pgf/utilities/pgfrcs.sty (/usr/share/texmf-dist/tex/generic/pgf/utilities/pgfutil-common.tex
\pgfutil@everybye=\toks19
\pgfutil@tempdima=\dimen165
\pgfutil@tempdimb=\dimen166
) (/usr/share/texmf-dist/tex/generic/pgf/utilities/pgfutil-latex.def
\pgfutil@abb=\box61
) (/usr/share/texmf-dist/tex/generic/pgf/utilities/pgfrcs.code.tex (/usr/share/texmf-dist/tex/generic/pgf/pgf.revision.tex)
Package: pgfrcs 2023-01-15 v3.1.10 (3.1.10)
)) (/usr/share/texmf-dist/tex/latex/pgf/utilities/pgfkeys.sty (/usr/share/texmf-dist/tex/generic/pgf/utilities/pgfkeys.code.tex
\pgfkeys@pathtoks=\toks20
\pgfkeys@temptoks=\toks21
 (/usr/share/texmf-dist/tex/generic/pgf/utilities/pgfkeyslibraryfiltered.code.tex
\pgfkeys@tmptoks=\toks22
))) (/usr/share/texmf-dist/tex/generic/pgf/math/pgfmath.code.tex (/usr/share/texmf-dist/tex/generic/pgf/math/pgfmathutil.code.tex
\pgf@x=\dimen167
\pgf@xa=\dimen168
\pgf@xb=\dimen169
\pgf@xc=\dimen170
\pgf@y=\dimen171
\pgf@ya=\dimen172
\pgf@yb=\dimen173
\pgf@yc=\dimen174
\c@pgf@counta=\count291
\c@pgf@countb=\count292
\c@pgf@countc=\count293
\c@pgf@countd=\count294
) (/usr/share/texmf-dist/tex/generic/pgf/math/pgfmathparser.code.tex
\pgfmath@dimen=\dimen175
\pgfmath@count=\count295
\pgfmath@box=\box62
\pgfmath@toks=\toks23
\pgfmath@stack@operand=\toks24
\pgfmath@stack@operation=\toks25
) (/usr/share/texmf-dist/tex/generic/pgf/math/pgfmathfunctions.code.tex) (/usr/share/texmf-dist/tex/generic/pgf/math/pgfmathfunctions.basic.code.tex) (/usr/share/texmf-dist/tex/generic/pgf/math/pgfmathfunctions.trigonometric.code.tex) (/usr/share/texmf-dist/tex/generic/pgf/math/pgfmathfunctions.random.code.tex) (/usr/share/texmf-dist/tex/generic/pgf/math/pgfmathfunctions.comparison.code.tex) (/usr/share/texmf-dist/tex/generic/pgf/math/pgfmathfunctions.base.code.tex) (/usr/share/texmf-dist/tex/generic/pgf/math/pgfmathfunctions.round.code.tex) (/usr/share/texmf-dist/tex/generic/pgf/math/pgfmathfunctions.misc.code.tex) (/usr/share/texmf-dist/tex/generic/pgf/math/pgfmathfunctions.integerarithmetics.code.tex) (/usr/share/texmf-dist/tex/generic/pgf/math/pgfmathcalc.code.tex) (/usr/share/texmf-dist/tex/generic/pgf/math/pgfmathfloat.code.tex
\c@pgfmathroundto@lastzeros=\count296
))) (/usr/share/texmf-dist/tex/latex/base/size11.clo
File: size11.clo 2024/06/29 v1.4n Standard LaTeX file (size option)
) (/usr/share/texmf-dist/tex/latex/pgf/basiclayer/pgfcore.sty (/usr/share/texmf-dist/tex/latex/graphics/graphicx.sty
Package: graphicx 2021/09/16 v1.2d Enhanced LaTeX Graphics (DPC,SPQR)
 (/usr/share/texmf-dist/tex/latex/graphics/graphics.sty
Package: graphics 2024/08/06 v1.4g Standard LaTeX Graphics (DPC,SPQR)
 (/usr/share/texmf-dist/tex/latex/graphics/trig.sty
Package: trig 2023/12/02 v1.11 sin cos tan (DPC)
) (/usr/share/texmf-dist/tex/latex/graphics-cfg/graphics.cfg
File: graphics.cfg 2016/06/04 v1.11 sample graphics configuration
)
Package graphics Info: Driver file: pdftex.def on input line 106.
 (/usr/share/texmf-dist/tex/latex/graphics-def/pdftex.def
File: pdftex.def 2024/04/13 v1.2c Graphics/color driver for pdftex
))
\Gin@req@height=\dimen176
\Gin@req@width=\dimen177
) (/usr/share/texmf-dist/tex/latex/pgf/systemlayer/pgfsys.sty (/usr/share/texmf-dist/tex/generic/pgf/systemlayer/pgfsys.code.tex
Package: pgfsys 2023-01-15 v3.1.10 (3.1.10)
\pgf@x=\dimen178
\pgf@y=\dimen179
\pgf@xa=\dimen180
\pgf@ya=\dimen181
\pgf@xb=\dimen182
\pgf@yb=\dimen183
\pgf@xc=\dimen184
\pgf@yc=\dimen185
\pgf@xd=\dimen186
\pgf@yd=\dimen187
\w@pgf@writea=\write3
\r@pgf@reada=\read2
\c@pgf@counta=\count297
\c@pgf@countb=\count298
\c@pgf@countc=\count299
\c@pgf@countd=\count300
\t@pgf@toka=\toks26
\t@pgf@tokb=\toks27
\t@pgf@tokc=\toks28
\pgf@sys@id@count=\count301
 (/usr/share/texmf-dist/tex/generic/pgf/systemlayer/pgf.cfg
File: pgf.cfg 2023-01-15 v3.1.10 (3.1.10)
)
Driver file for pgf: pgfsys-pdftex.def
 (/usr/share/texmf-dist/tex/generic/pgf/systemlayer/pgfsys-pdftex.def
File: pgfsys-pdftex.def 2023-01-15 v3.1.10 (3.1.10)
 (/usr/share/texmf-dist/tex/generic/pgf/systemlayer/pgfsys-common-pdf.def
File: pgfsys-common-pdf.def 2023-01-15 v3.1.10 (3.1.10)
))) (/usr/share/texmf-dist/tex/generic/pgf/systemlayer/pgfsyssoftpath.code.tex
File: pgfsyssoftpath.code.tex 2023-01-15 v3.1.10 (3.1.10)
\pgfsyssoftpath@smallbuffer@items=\count302
\pgfsyssoftpath@bigbuffer@items=\count303
) (/usr/share/texmf-dist/tex/generic/pgf/systemlayer/pgfsysprotocol.code.tex
File: pgfsysprotocol.code.tex 2023-01-15 v3.1.10 (3.1.10)
)) (/usr/share/texmf-dist/tex/latex/xcolor/xcolor.sty
Package: xcolor 2024/09/29 v3.02 LaTeX color extensions (UK)
 (/usr/share/texmf-dist/tex/latex/graphics-cfg/color.cfg
File: color.cfg 2016/01/02 v1.6 sample color configuration
)
Package xcolor Info: Driver file: pdftex.def on input line 274.
 (/usr/share/texmf-dist/tex/latex/graphics/mathcolor.ltx)
Package xcolor Info: Model `cmy' substituted by `cmy0' on input line 1349.
Package xcolor Info: Model `hsb' substituted by `rgb' on input line 1353.
Package xcolor Info: Model `RGB' extended on input line 1365.
Package xcolor Info: Model `HTML' substituted by `rgb' on input line 1367.
Package xcolor Info: Model `Hsb' substituted by `hsb' on input line 1368.
Package xcolor Info: Model `tHsb' substituted by `hsb' on input line 1369.
Package xcolor Info: Model `HSB' substituted by `hsb' on input line 1370.
Package xcolor Info: Model `Gray' substituted by `gray' on input line 1371.
Package xcolor Info: Model `wave' substituted by `hsb' on input line 1372.
) (/usr/share/texmf-dist/tex/latex/graphics/dvipsnam.def
File: dvipsnam.def 2016/06/17 v3.0m Driver-dependent file (DPC,SPQR)
) (/usr/share/texmf-dist/tex/generic/pgf/basiclayer/pgfcore.code.tex
Package: pgfcore 2023-01-15 v3.1.10 (3.1.10)
 (/usr/share/texmf-dist/tex/generic/pgf/math/pgfint.code.tex) (/usr/share/texmf-dist/tex/generic/pgf/basiclayer/pgfcorepoints.code.tex
File: pgfcorepoints.code.tex 2023-01-15 v3.1.10 (3.1.10)
\pgf@picminx=\dimen188
\pgf@picmaxx=\dimen189
\pgf@picminy=\dimen190
\pgf@picmaxy=\dimen191
\pgf@pathminx=\dimen192
\pgf@pathmaxx=\dimen193
\pgf@pathminy=\dimen194
\pgf@pathmaxy=\dimen195
\pgf@xx=\dimen196
\pgf@xy=\dimen197
\pgf@yx=\dimen198
\pgf@yy=\dimen199
\pgf@zx=\dimen256
\pgf@zy=\dimen257
) (/usr/share/texmf-dist/tex/generic/pgf/basiclayer/pgfcorepathconstruct.code.tex
File: pgfcorepathconstruct.code.tex 2023-01-15 v3.1.10 (3.1.10)
\pgf@path@lastx=\dimen258
\pgf@path@lasty=\dimen259
) (/usr/share/texmf-dist/tex/generic/pgf/basiclayer/pgfcorepathusage.code.tex
File: pgfcorepathusage.code.tex 2023-01-15 v3.1.10 (3.1.10)
\pgf@shorten@end@additional=\dimen260
\pgf@shorten@start@additional=\dimen261
) (/usr/share/texmf-dist/tex/generic/pgf/basiclayer/pgfcorescopes.code.tex
File: pgfcorescopes.code.tex 2023-01-15 v3.1.10 (3.1.10)
\pgfpic=\box63
\pgf@hbox=\box64
\pgf@layerbox@main=\box65
\pgf@picture@serial@count=\count304
) (/usr/share/texmf-dist/tex/generic/pgf/basiclayer/pgfcoregraphicstate.code.tex
File: pgfcoregraphicstate.code.tex 2023-01-15 v3.1.10 (3.1.10)
\pgflinewidth=\dimen262
) (/usr/share/texmf-dist/tex/generic/pgf/basiclayer/pgfcoretransformations.code.tex
File: pgfcoretransformations.code.tex 2023-01-15 v3.1.10 (3.1.10)
\pgf@pt@x=\dimen263
\pgf@pt@y=\dimen264
\pgf@pt@temp=\dimen265
) (/usr/share/texmf-dist/tex/generic/pgf/basiclayer/pgfcorequick.code.tex
File: pgfcorequick.code.tex 2023-01-15 v3.1.10 (3.1.10)
) (/usr/share/texmf-dist/tex/generic/pgf/basiclayer/pgfcoreobjects.code.tex
File: pgfcoreobjects.code.tex 2023-01-15 v3.1.10 (3.1.10)
) (/usr/share/texmf-dist/tex/generic/pgf/basiclayer/pgfcorepathprocessing.code.tex
File: pgfcorepathprocessing.code.tex 2023-01-15 v3.1.10 (3.1.10)
) (/usr/share/texmf-dist/tex/generic/pgf/basiclayer/pgfcorearrows.code.tex
File: pgfcorearrows.code.tex 2023-01-15 v3.1.10 (3.1.10)
\pgfarrowsep=\dimen266
) (/usr/share/texmf-dist/tex/generic/pgf/basiclayer/pgfcoreshade.code.tex
File: pgfcoreshade.code.tex 2023-01-15 v3.1.10 (3.1.10)
\pgf@max=\dimen267
\pgf@sys@shading@range@num=\count305
\pgf@shadingcount=\count306
) (/usr/share/texmf-dist/tex/generic/pgf/basiclayer/pgfcoreimage.code.tex
File: pgfcoreimage.code.tex 2023-01-15 v3.1.10 (3.1.10)
) (/usr/share/texmf-dist/tex/generic/pgf/basiclayer/pgfcoreexternal.code.tex
File: pgfcoreexternal.code.tex 2023-01-15 v3.1.10 (3.1.10)
\pgfexternal@startupbox=\box66
) (/usr/share/texmf-dist/tex/generic/pgf/basiclayer/pgfcorelayers.code.tex
File: pgfcorelayers.code.tex 2023-01-15 v3.1.10 (3.1.10)
) (/usr/share/texmf-dist/tex/generic/pgf/basiclayer/pgfcoretransparency.code.tex
File: pgfcoretransparency.code.tex 2023-01-15 v3.1.10 (3.1.10)
) (/usr/share/texmf-dist/tex/generic/pgf/basiclayer/pgfcorepatterns.code.tex
File: pgfcorepatterns.code.tex 2023-01-15 v3.1.10 (3.1.10)
) (/usr/share/texmf-dist/tex/generic/pgf/basiclayer/pgfcorerdf.code.tex
File: pgfcorerdf.code.tex 2023-01-15 v3.1.10 (3.1.10)
))) (/usr/share/texmf-dist/tex/latex/pgf/utilities/xxcolor.sty
Package: xxcolor 2003/10/24 ver 0.1
\XC@nummixins=\count307
\XC@countmixins=\count308
) (/usr/share/texmf-dist/tex/latex/base/atbegshi-ltx.sty
Package: atbegshi-ltx 2021/01/10 v1.0c Emulation of the original atbegshi
package with kernel methods
) (/usr/share/texmf-dist/tex/latex/hyperref/hyperref.sty
Package: hyperref 2024-11-05 v7.01l Hypertext links for LaTeX
 (/usr/share/texmf-dist/tex/latex/kvsetkeys/kvsetkeys.sty
Package: kvsetkeys 2022-10-05 v1.19 Key value parser (HO)
) (/usr/share/texmf-dist/tex/generic/kvdefinekeys/kvdefinekeys.sty
Package: kvdefinekeys 2019-12-19 v1.6 Define keys (HO)
) (/usr/share/texmf-dist/tex/generic/pdfescape/pdfescape.sty
Package: pdfescape 2019/12/09 v1.15 Implements pdfTeX's escape features (HO)
 (/usr/share/texmf-dist/tex/generic/ltxcmds/ltxcmds.sty
Package: ltxcmds 2023-12-04 v1.26 LaTeX kernel commands for general use (HO)
) (/usr/share/texmf-dist/tex/generic/pdftexcmds/pdftexcmds.sty
Package: pdftexcmds 2020-06-27 v0.33 Utility functions of pdfTeX for LuaTeX (HO)
 (/usr/share/texmf-dist/tex/generic/infwarerr/infwarerr.sty
Package: infwarerr 2019/12/03 v1.5 Providing info/warning/error messages (HO)
)
Package pdftexcmds Info: \pdf@primitive is available.
Package pdftexcmds Info: \pdf@ifprimitive is available.
Package pdftexcmds Info: \pdfdraftmode found.
)) (/usr/share/texmf-dist/tex/latex/hycolor/hycolor.sty
Package: hycolor 2020-01-27 v1.10 Color options for hyperref/bookmark (HO)
) (/usr/share/texmf-dist/tex/latex/hyperref/nameref.sty
Package: nameref 2023-11-26 v2.56 Cross-referencing by name of section
 (/usr/share/texmf-dist/tex/latex/refcount/refcount.sty
Package: refcount 2019/12/15 v3.6 Data extraction from label references (HO)
) (/usr/share/texmf-dist/tex/generic/gettitlestring/gettitlestring.sty
Package: gettitlestring 2019/12/15 v1.6 Cleanup title references (HO)
 (/usr/share/texmf-dist/tex/latex/kvoptions/kvoptions.sty
Package: kvoptions 2022-06-15 v3.15 Key value format for package options (HO)
))
\c@section@level=\count309
) (/usr/share/texmf-dist/tex/generic/stringenc/stringenc.sty
Package: stringenc 2019/11/29 v1.12 Convert strings between diff. encodings (HO)
)
\@linkdim=\dimen268
\Hy@linkcounter=\count310
\Hy@pagecounter=\count311
 (/usr/share/texmf-dist/tex/latex/hyperref/pd1enc.def
File: pd1enc.def 2024-11-05 v7.01l Hyperref: PDFDocEncoding definition (HO)
Now handling font encoding PD1 ...
... no UTF-8 mapping file for font encoding PD1
) (/usr/share/texmf-dist/tex/generic/intcalc/intcalc.sty
Package: intcalc 2019/12/15 v1.3 Expandable calculations with integers (HO)
)
\Hy@SavedSpaceFactor=\count312
 (/usr/share/texmf-dist/tex/latex/hyperref/puenc.def
File: puenc.def 2024-11-05 v7.01l Hyperref: PDF Unicode definition (HO)
Now handling font encoding PU ...
... no UTF-8 mapping file for font encoding PU
)
Package hyperref Info: Option `bookmarks' set `true' on input line 4040.
Package hyperref Info: Option `bookmarksopen' set `true' on input line 4040.
Package hyperref Info: Option `implicit' set `false' on input line 4040.
Package hyperref Info: Hyper figures OFF on input line 4157.
Package hyperref Info: Link nesting OFF on input line 4162.
Package hyperref Info: Hyper index ON on input line 4165.
Package hyperref Info: Plain pages OFF on input line 4172.
Package hyperref Info: Backreferencing OFF on input line 4177.
Package hyperref Info: Implicit mode OFF; no redefinition of LaTeX internals.
Package hyperref Info: Bookmarks ON on input line 4424.
\c@Hy@tempcnt=\count313
 (/usr/share/texmf-dist/tex/latex/url/url.sty
\Urlmuskip=\muskip17
Package: url 2013/09/16  ver 3.4  Verb mode for urls, etc.
)
LaTeX Info: Redefining \url on input line 4763.
\XeTeXLinkMargin=\dimen269
 (/usr/share/texmf-dist/tex/generic/bitset/bitset.sty
Package: bitset 2019/12/09 v1.3 Handle bit-vector datatype (HO)
 (/usr/share/texmf-dist/tex/generic/bigintcalc/bigintcalc.sty
Package: bigintcalc 2019/12/15 v1.5 Expandable calculations on big integers (HO)
))
\Fld@menulength=\count314
\Field@Width=\dimen270
\Fld@charsize=\dimen271
Package hyperref Info: Hyper figures OFF on input line 6042.
Package hyperref Info: Link nesting OFF on input line 6047.
Package hyperref Info: Hyper index ON on input line 6050.
Package hyperref Info: backreferencing OFF on input line 6057.
Package hyperref Info: Link coloring OFF on input line 6062.
Package hyperref Info: Link coloring with OCG OFF on input line 6067.
Package hyperref Info: PDF/A mode OFF on input line 6072.
\Hy@abspage=\count315


Package hyperref Message: Stopped early.

)
Package hyperref Info: Driver (autodetected): hpdftex.
 (/usr/share/texmf-dist/tex/latex/hyperref/hpdftex.def
File: hpdftex.def 2024-11-05 v7.01l Hyperref driver for pdfTeX
 (/usr/share/texmf-dist/tex/latex/base/atveryend-ltx.sty
Package: atveryend-ltx 2020/08/19 v1.0a Emulation of the original atveryend package
with kernel methods
)
\Fld@listcount=\count316
\c@bookmark@seq@number=\count317
 (/usr/share/texmf-dist/tex/latex/rerunfilecheck/rerunfilecheck.sty
Package: rerunfilecheck 2022-07-10 v1.10 Rerun checks for auxiliary files (HO)
 (/usr/share/texmf-dist/tex/generic/uniquecounter/uniquecounter.sty
Package: uniquecounter 2019/12/15 v1.4 Provide unlimited unique counter (HO)
)
Package uniquecounter Info: New unique counter `rerunfilecheck' on input line 285.
)) (/usr/share/texmf-dist/tex/latex/beamer/beamerbaserequires.sty (/usr/share/texmf-dist/tex/latex/beamer/beamerbasecompatibility.sty) (/usr/share/texmf-dist/tex/latex/beamer/beamerbasefont.sty (/usr/share/texmf-dist/tex/latex/amsfonts/amssymb.sty
Package: amssymb 2013/01/14 v3.01 AMS font symbols
 (/usr/share/texmf-dist/tex/latex/amsfonts/amsfonts.sty
Package: amsfonts 2013/01/14 v3.01 Basic AMSFonts support
\@emptytoks=\toks29
\symAMSa=\mathgroup4
\symAMSb=\mathgroup5
LaTeX Font Info:    Redeclaring math symbol \hbar on input line 98.
LaTeX Font Info:    Overwriting math alphabet `\mathfrak' in version `bold'
(Font)                  U/euf/m/n --> U/euf/b/n on input line 106.
)) (/usr/share/texmf-dist/tex/latex/sansmathaccent/sansmathaccent.sty
Package: sansmathaccent 2020/01/31
 (/usr/share/texmf-dist/tex/latex/koma-script/scrlfile.sty
Package: scrlfile 2024/10/24 v3.43 KOMA-Script package (file load hooks)
 (/usr/share/texmf-dist/tex/latex/koma-script/scrlfile-hook.sty
Package: scrlfile-hook 2024/10/24 v3.43 KOMA-Script package (using LaTeX hooks)
 (/usr/share/texmf-dist/tex/latex/koma-script/scrlogo.sty
Package: scrlogo 2024/10/24 v3.43 KOMA-Script package (logo)
))))) (/usr/share/texmf-dist/tex/latex/beamer/beamerbasetranslator.sty (/usr/share/texmf-dist/tex/latex/translator/translator.sty
Package: translator 2021-05-31 v1.12d Easy translation of strings in LaTeX
)) (/usr/share/texmf-dist/tex/latex/beamer/beamerbasemisc.sty) (/usr/share/texmf-dist/tex/latex/beamer/beamerbasetwoscreens.sty) (/usr/share/texmf-dist/tex/latex/beamer/beamerbaseoverlay.sty
\beamer@argscount=\count318
\beamer@lastskipcover=\skip52
\beamer@trivlistdepth=\count319
) (/usr/share/texmf-dist/tex/latex/beamer/beamerbasetitle.sty) (/usr/share/texmf-dist/tex/latex/beamer/beamerbasesection.sty
\c@lecture=\count320
\c@part=\count321
\c@section=\count322
\c@subsection=\count323
\c@subsubsection=\count324
) (/usr/share/texmf-dist/tex/latex/beamer/beamerbaseframe.sty
\beamer@framebox=\box67
\beamer@frametitlebox=\box68
\beamer@zoombox=\box69
\beamer@zoomcount=\count325
\beamer@zoomframecount=\count326
\beamer@frametextheight=\dimen272
\c@subsectionslide=\count327
\beamer@frametopskip=\skip53
\beamer@framebottomskip=\skip54
\beamer@frametopskipautobreak=\skip55
\beamer@framebottomskipautobreak=\skip56
\beamer@envbody=\toks30
\framewidth=\dimen273
\c@framenumber=\count328
) (/usr/share/texmf-dist/tex/latex/beamer/beamerbaseverbatim.sty
\beamer@verbatimfileout=\write4
) (/usr/share/texmf-dist/tex/latex/beamer/beamerbaseframesize.sty
\beamer@splitbox=\box70
\beamer@autobreakcount=\count329
\beamer@autobreaklastheight=\dimen274
\beamer@frametitletoks=\toks31
\beamer@framesubtitletoks=\toks32
) (/usr/share/texmf-dist/tex/latex/beamer/beamerbaseframecomponents.sty
\beamer@footins=\box71
) (/usr/share/texmf-dist/tex/latex/beamer/beamerbasecolor.sty) (/usr/share/texmf-dist/tex/latex/beamer/beamerbasenotes.sty
\beamer@frameboxcopy=\box72
) (/usr/share/texmf-dist/tex/latex/beamer/beamerbasetoc.sty) (/usr/share/texmf-dist/tex/latex/beamer/beamerbasetemplates.sty
\beamer@sbttoks=\toks33
 (/usr/share/texmf-dist/tex/latex/beamer/beamerbaseauxtemplates.sty (/usr/share/texmf-dist/tex/latex/beamer/beamerbaseboxes.sty
\bmb@box=\box73
\bmb@colorbox=\box74
\bmb@boxwidth=\dimen275
\bmb@boxheight=\dimen276
\bmb@prevheight=\dimen277
\bmb@temp=\dimen278
\bmb@dima=\dimen279
\bmb@dimb=\dimen280
\bmb@prevheight=\dimen281
)
\beamer@blockheadheight=\dimen282
)) (/usr/share/texmf-dist/tex/latex/beamer/beamerbaselocalstructure.sty (/usr/share/texmf-dist/tex/latex/tools/enumerate.sty
Package: enumerate 2023/07/04 v3.00 enumerate extensions (DPC)
\@enLab=\toks34
)
\beamer@bibiconwidth=\skip57
\c@figure=\count330
\c@table=\count331
\abovecaptionskip=\skip58
\belowcaptionskip=\skip59
) (/usr/share/texmf-dist/tex/latex/beamer/beamerbasenavigation.sty (/usr/share/texmf-dist/tex/latex/beamer/beamerbasenavigationsymbols.tex)
\beamer@section@min@dim=\dimen283
) (/usr/share/texmf-dist/tex/latex/beamer/beamerbasetheorems.sty (/usr/share/texmf-dist/tex/latex/amsmath/amsmath.sty
Package: amsmath 2024/11/05 v2.17t AMS math features
\@mathmargin=\skip60

For additional information on amsmath, use the `?' option.
(/usr/share/texmf-dist/tex/latex/amsmath/amstext.sty
Package: amstext 2021/08/26 v2.01 AMS text
 (/usr/share/texmf-dist/tex/latex/amsmath/amsgen.sty
File: amsgen.sty 1999/11/30 v2.0 generic functions
\@emptytoks=\toks35
\ex@=\dimen284
)) (/usr/share/texmf-dist/tex/latex/amsmath/amsbsy.sty
Package: amsbsy 1999/11/29 v1.2d Bold Symbols
\pmbraise@=\dimen285
) (/usr/share/texmf-dist/tex/latex/amsmath/amsopn.sty
Package: amsopn 2022/04/08 v2.04 operator names
)
\inf@bad=\count332
LaTeX Info: Redefining \frac on input line 233.
\uproot@=\count333
\leftroot@=\count334
LaTeX Info: Redefining \overline on input line 398.
LaTeX Info: Redefining \colon on input line 409.
\classnum@=\count335
\DOTSCASE@=\count336
LaTeX Info: Redefining \ldots on input line 495.
LaTeX Info: Redefining \dots on input line 498.
LaTeX Info: Redefining \cdots on input line 619.
\Mathstrutbox@=\box75
\strutbox@=\box76
LaTeX Info: Redefining \big on input line 721.
LaTeX Info: Redefining \Big on input line 722.
LaTeX Info: Redefining \bigg on input line 723.
LaTeX Info: Redefining \Bigg on input line 724.
\big@size=\dimen286
LaTeX Font Info:    Redeclaring font encoding OML on input line 742.
LaTeX Font Info:    Redeclaring font encoding OMS on input line 743.
\macc@depth=\count337
LaTeX Info: Redefining \bmod on input line 904.
LaTeX Info: Redefining \pmod on input line 909.
LaTeX Info: Redefining \smash on input line 939.
LaTeX Info: Redefining \relbar on input line 969.
LaTeX Info: Redefining \Relbar on input line 970.
\c@MaxMatrixCols=\count338
\dotsspace@=\muskip18
\c@parentequation=\count339
\dspbrk@lvl=\count340
\tag@help=\toks36
\row@=\count341
\column@=\count342
\maxfields@=\count343
\andhelp@=\toks37
\eqnshift@=\dimen287
\alignsep@=\dimen288
\tagshift@=\dimen289
\tagwidth@=\dimen290
\totwidth@=\dimen291
\lineht@=\dimen292
\@envbody=\toks38
\multlinegap=\skip61
\multlinetaggap=\skip62
\mathdisplay@stack=\toks39
LaTeX Info: Redefining \[ on input line 2953.
LaTeX Info: Redefining \] on input line 2954.
) (/usr/share/texmf-dist/tex/latex/amscls/amsthm.sty
Package: amsthm 2020/05/29 v2.20.6
\thm@style=\toks40
\thm@bodyfont=\toks41
\thm@headfont=\toks42
\thm@notefont=\toks43
\thm@headpunct=\toks44
\thm@preskip=\skip63
\thm@postskip=\skip64
\thm@headsep=\skip65
\dth@everypar=\toks45
)
\c@theorem=\count344
) (/usr/share/texmf-dist/tex/latex/beamer/beamerbasethemes.sty)) (/usr/share/texmf-dist/tex/latex/beamer/beamerthemedefault.sty (/usr/share/texmf-dist/tex/latex/beamer/beamerfontthemedefault.sty) (/usr/share/texmf-dist/tex/latex/beamer/beamercolorthemedefault.sty) (/usr/share/texmf-dist/tex/latex/beamer/beamerinnerthemedefault.sty
\beamer@dima=\dimen293
\beamer@dimb=\dimen294
) (/usr/share/texmf-dist/tex/latex/beamer/beamerouterthemedefault.sty))) (./beamerthemeSimpleDarkBlue.sty (./beamerfontthemeSimpleDarkBlue.sty) (./beamercolorthemeSimpleDarkBlue.sty (/usr/share/texmf-dist/tex/latex/beamer/beamercolorthemestructure.sty)) (./beamerinnerthemeSimpleDarkBlue.sty)) (/usr/share/texmf-dist/tex/latex/booktabs/booktabs.sty
Package: booktabs 2020/01/12 v1.61803398 Publication quality tables
\heavyrulewidth=\dimen295
\lightrulewidth=\dimen296
\cmidrulewidth=\dimen297
\belowrulesep=\dimen298
\belowbottomsep=\dimen299
\aboverulesep=\dimen300
\abovetopsep=\dimen301
\cmidrulesep=\dimen302
\cmidrulekern=\dimen303
\defaultaddspace=\dimen304
\@cmidla=\count345
\@cmidlb=\count346
\@aboverulesep=\dimen305
\@belowrulesep=\dimen306
\@thisruleclass=\count347
\@lastruleclass=\count348
\@thisrulewidth=\dimen307
) (/usr/share/texmf-dist/tex/latex/pgf/frontendlayer/tikz.sty (/usr/share/texmf-dist/tex/latex/pgf/basiclayer/pgf.sty
Package: pgf 2023-01-15 v3.1.10 (3.1.10)
 (/usr/share/texmf-dist/tex/generic/pgf/modules/pgfmoduleshapes.code.tex
File: pgfmoduleshapes.code.tex 2023-01-15 v3.1.10 (3.1.10)
\pgfnodeparttextbox=\box77
) (/usr/share/texmf-dist/tex/generic/pgf/modules/pgfmoduleplot.code.tex
File: pgfmoduleplot.code.tex 2023-01-15 v3.1.10 (3.1.10)
) (/usr/share/texmf-dist/tex/latex/pgf/compatibility/pgfcomp-version-0-65.sty
Package: pgfcomp-version-0-65 2023-01-15 v3.1.10 (3.1.10)
\pgf@nodesepstart=\dimen308
\pgf@nodesepend=\dimen309
) (/usr/share/texmf-dist/tex/latex/pgf/compatibility/pgfcomp-version-1-18.sty
Package: pgfcomp-version-1-18 2023-01-15 v3.1.10 (3.1.10)
)) (/usr/share/texmf-dist/tex/latex/pgf/utilities/pgffor.sty (/usr/share/texmf-dist/tex/generic/pgf/utilities/pgffor.code.tex
Package: pgffor 2023-01-15 v3.1.10 (3.1.10)
\pgffor@iter=\dimen310
\pgffor@skip=\dimen311
\pgffor@stack=\toks46
\pgffor@toks=\toks47
)) (/usr/share/texmf-dist/tex/generic/pgf/frontendlayer/tikz/tikz.code.tex
Package: tikz 2023-01-15 v3.1.10 (3.1.10)
 (/usr/share/texmf-dist/tex/generic/pgf/libraries/pgflibraryplothandlers.code.tex
File: pgflibraryplothandlers.code.tex 2023-01-15 v3.1.10 (3.1.10)
\pgf@plot@mark@count=\count349
\pgfplotmarksize=\dimen312
)
\tikz@lastx=\dimen313
\tikz@lasty=\dimen314
\tikz@lastxsaved=\dimen315
\tikz@lastysaved=\dimen316
\tikz@lastmovetox=\dimen317
\tikz@lastmovetoy=\dimen318
\tikzleveldistance=\dimen319
\tikzsiblingdistance=\dimen320
\tikz@figbox=\box78
\tikz@figbox@bg=\box79
\tikz@tempbox=\box80
\tikz@tempbox@bg=\box81
\tikztreelevel=\count350
\tikznumberofchildren=\count351
\tikznumberofcurrentchild=\count352
\tikz@fig@count=\count353
 (/usr/share/texmf-dist/tex/generic/pgf/modules/pgfmodulematrix.code.tex
File: pgfmodulematrix.code.tex 2023-01-15 v3.1.10 (3.1.10)
\pgfmatrixcurrentrow=\count354
\pgfmatrixcurrentcolumn=\count355
\pgf@matrix@numberofcolumns=\count356
)
\tikz@expandcount=\count357
 (/usr/share/texmf-dist/tex/generic/pgf/frontendlayer/tikz/libraries/tikzlibrarytopaths.code.tex
File: tikzlibrarytopaths.code.tex 2023-01-15 v3.1.10 (3.1.10)
))) (/usr/share/texmf-dist/tex/latex/l3backend/l3backend-pdftex.def
File: l3backend-pdftex.def 2024-05-08 L3 backend support: PDF output (pdfTeX)
\l__color_backend_stack_int=\count358
\l__pdf_internal_box=\box82
) (./sample.aux)
\openout1 = `sample.aux'.

LaTeX Font Info:    Checking defaults for OML/cmm/m/it on input line 17.
LaTeX Font Info:    ... okay on input line 17.
LaTeX Font Info:    Checking defaults for OMS/cmsy/m/n on input line 17.
LaTeX Font Info:    ... okay on input line 17.
LaTeX Font Info:    Checking defaults for OT1/cmr/m/n on input line 17.
LaTeX Font Info:    ... okay on input line 17.
LaTeX Font Info:    Checking defaults for T1/cmr/m/n on input line 17.
LaTeX Font Info:    ... okay on input line 17.
LaTeX Font Info:    Checking defaults for TS1/cmr/m/n on input line 17.
LaTeX Font Info:    ... okay on input line 17.
LaTeX Font Info:    Checking defaults for OMX/cmex/m/n on input line 17.
LaTeX Font Info:    ... okay on input line 17.
LaTeX Font Info:    Checking defaults for U/cmr/m/n on input line 17.
LaTeX Font Info:    ... okay on input line 17.
LaTeX Font Info:    Checking defaults for PD1/pdf/m/n on input line 17.
LaTeX Font Info:    ... okay on input line 17.
LaTeX Font Info:    Checking defaults for PU/pdf/m/n on input line 17.
LaTeX Font Info:    ... okay on input line 17.

*geometry* driver: auto-detecting
*geometry* detected driver: pdftex
*geometry* verbose mode - [ preamble ] result:
* driver: pdftex
* paper: custom
* layout: <same size as paper>
* layoutoffset:(h,v)=(0.0pt,0.0pt)
* modes: includehead includefoot 
* h-part:(L,W,R)=(21.90005pt, 411.44397pt, 21.90005pt)
* v-part:(T,H,B)=(0.0pt, 256.0748pt, 0.0pt)
* \paperwidth=455.24408pt
* \paperheight=256.0748pt
* \textwidth=411.44397pt
* \textheight=227.62207pt
* \oddsidemargin=-50.36993pt
* \evensidemargin=-50.36993pt
* \topmargin=-72.26999pt
* \headheight=14.22636pt
* \headsep=0.0pt
* \topskip=11.0pt
* \footskip=14.22636pt
* \marginparwidth=4.0pt
* \marginparsep=10.0pt
* \columnsep=10.0pt
* \skip\footins=10.0pt plus 4.0pt minus 2.0pt
* \hoffset=0.0pt
* \voffset=0.0pt
* \mag=1000
* \@twocolumnfalse
* \@twosidefalse
* \@mparswitchfalse
* \@reversemarginfalse
* (1in=72.27pt=25.4mm, 1cm=28.453pt)

(/usr/share/texmf-dist/tex/context/base/mkii/supp-pdf.mkii
[Loading MPS to PDF converter (version 2006.09.02).]
\scratchcounter=\count359
\scratchdimen=\dimen321
\scratchbox=\box83
\nofMPsegments=\count360
\nofMParguments=\count361
\everyMPshowfont=\toks48
\MPscratchCnt=\count362
\MPscratchDim=\dimen322
\MPnumerator=\count363
\makeMPintoPDFobject=\count364
\everyMPtoPDFconversion=\toks49
) (/usr/share/texmf-dist/tex/latex/epstopdf-pkg/epstopdf-base.sty
Package: epstopdf-base 2020-01-24 v2.11 Base part for package epstopdf
Package epstopdf-base Info: Redefining graphics rule for `.eps' on input line 485.
 (/usr/share/texmf-dist/tex/latex/latexconfig/epstopdf-sys.cfg
File: epstopdf-sys.cfg 2010/07/13 v1.3 Configuration of (r)epstopdf for TeX Live
))
Package hyperref Info: Link coloring OFF on input line 17.
 (./sample.out) (./sample.out)
\@outlinefile=\write5
\openout5 = `sample.out'.

LaTeX Font Info:    Overwriting symbol font `operators' in version `normal'
(Font)                  OT1/cmr/m/n --> OT1/cmss/m/n on input line 17.
LaTeX Font Info:    Overwriting symbol font `operators' in version `bold'
(Font)                  OT1/cmr/bx/n --> OT1/cmss/b/n on input line 17.
\symnumbers=\mathgroup6
\sympureletters=\mathgroup7
LaTeX Font Info:    Overwriting math alphabet `\mathrm' in version `normal'
(Font)                  OT1/cmss/m/n --> OT1/cmr/m/n on input line 17.
LaTeX Font Info:    Redeclaring math alphabet \mathbf on input line 17.
LaTeX Font Info:    Overwriting math alphabet `\mathbf' in version `normal'
(Font)                  OT1/cmr/bx/n --> OT1/cmss/b/n on input line 17.
LaTeX Font Info:    Overwriting math alphabet `\mathbf' in version `bold'
(Font)                  OT1/cmr/bx/n --> OT1/cmss/b/n on input line 17.
LaTeX Font Info:    Redeclaring math alphabet \mathsf on input line 17.
LaTeX Font Info:    Overwriting math alphabet `\mathsf' in version `normal'
(Font)                  OT1/cmss/m/n --> OT1/cmss/m/n on input line 17.
LaTeX Font Info:    Overwriting math alphabet `\mathsf' in version `bold'
(Font)                  OT1/cmss/bx/n --> OT1/cmss/m/n on input line 17.
LaTeX Font Info:    Redeclaring math alphabet \mathit on input line 17.
LaTeX Font Info:    Overwriting math alphabet `\mathit' in version `normal'
(Font)                  OT1/cmr/m/it --> OT1/cmss/m/it on input line 17.
LaTeX Font Info:    Overwriting math alphabet `\mathit' in version `bold'
(Font)                  OT1/cmr/bx/it --> OT1/cmss/m/it on input line 17.
LaTeX Font Info:    Redeclaring math alphabet \mathtt on input line 17.
LaTeX Font Info:    Overwriting math alphabet `\mathtt' in version `normal'
(Font)                  OT1/cmtt/m/n --> OT1/cmtt/m/n on input line 17.
LaTeX Font Info:    Overwriting math alphabet `\mathtt' in version `bold'
(Font)                  OT1/cmtt/m/n --> OT1/cmtt/m/n on input line 17.
LaTeX Font Info:    Overwriting symbol font `numbers' in version `bold'
(Font)                  OT1/cmss/m/n --> OT1/cmss/b/n on input line 17.
LaTeX Font Info:    Overwriting symbol font `pureletters' in version `bold'
(Font)                  OT1/cmss/m/it --> OT1/cmss/b/it on input line 17.
LaTeX Font Info:    Overwriting math alphabet `\mathrm' in version `bold'
(Font)                  OT1/cmss/b/n --> OT1/cmr/b/n on input line 17.
LaTeX Font Info:    Overwriting math alphabet `\mathbf' in version `bold'
(Font)                  OT1/cmss/b/n --> OT1/cmss/b/n on input line 17.
LaTeX Font Info:    Overwriting math alphabet `\mathsf' in version `bold'
(Font)                  OT1/cmss/m/n --> OT1/cmss/b/n on input line 17.
LaTeX Font Info:    Overwriting math alphabet `\mathit' in version `bold'
(Font)                  OT1/cmss/m/it --> OT1/cmss/b/it on input line 17.
LaTeX Font Info:    Overwriting math alphabet `\mathtt' in version `bold'
(Font)                  OT1/cmtt/m/n --> OT1/cmtt/b/n on input line 17.
LaTeX Font Info:    Redeclaring symbol font `pureletters' on input line 17.
LaTeX Font Info:    Overwriting symbol font `pureletters' in version `normal'
(Font)                  OT1/cmss/m/it --> OT1/mathkerncmss/m/sl on input line 17.
LaTeX Font Info:    Overwriting symbol font `pureletters' in version `bold'
(Font)                  OT1/cmss/b/it --> OT1/mathkerncmss/m/sl on input line 17.
LaTeX Font Info:    Overwriting symbol font `pureletters' in version `bold'
(Font)                  OT1/mathkerncmss/m/sl --> OT1/mathkerncmss/bx/sl on input line 17.
 (/usr/share/texmf-dist/tex/latex/translator/translator-basic-dictionary-English.dict
Dictionary: translator-basic-dictionary, Language: English 
) (/usr/share/texmf-dist/tex/latex/translator/translator-bibliography-dictionary-English.dict
Dictionary: translator-bibliography-dictionary, Language: English 
) (/usr/share/texmf-dist/tex/latex/translator/translator-environment-dictionary-English.dict
Dictionary: translator-environment-dictionary, Language: English 
) (/usr/share/texmf-dist/tex/latex/translator/translator-months-dictionary-English.dict
Dictionary: translator-months-dictionary, Language: English 
) (/usr/share/texmf-dist/tex/latex/translator/translator-numbers-dictionary-English.dict
Dictionary: translator-numbers-dictionary, Language: English 
) (/usr/share/texmf-dist/tex/latex/translator/translator-theorem-dictionary-English.dict
Dictionary: translator-theorem-dictionary, Language: English 
) (./sample.nav) (./slides-por-aula/Apresentação-do-Curso.tex

Package hyperref Warning: Option `pdfauthor' has already been used,
(hyperref)                setting the option has no effect on input line 3.



[1

{/var/lib/texmf/fonts/map/pdftex/updmap/pdftex.map}]
<Figuras/livro-stallings-sec.png, id=34, 499.11469pt x 653.44125pt>
File: Figuras/livro-stallings-sec.png Graphic file (type png)
<use Figuras/livro-stallings-sec.png>
Package pdftex.def Info: Figuras/livro-stallings-sec.png  used on input line 46.
(pdftex.def)             Requested size: 164.5782pt x 215.46677pt.
LaTeX Font Info:    Trying to load font information for U+msa on input line 46.
 (/usr/share/texmf-dist/tex/latex/amsfonts/umsa.fd
File: umsa.fd 2013/01/14 v3.01 AMS symbols A
)
LaTeX Font Info:    Trying to load font information for U+msb on input line 46.
 (/usr/share/texmf-dist/tex/latex/amsfonts/umsb.fd
File: umsb.fd 2013/01/14 v3.01 AMS symbols B
)
LaTeX Font Info:    Trying to load font information for OT1+mathkerncmss on input line 46.
 (/usr/share/texmf-dist/tex/latex/sansmathaccent/ot1mathkerncmss.fd
File: ot1mathkerncmss.fd 2020/01/31 Fontinst v1.933 font definitions for OT1/mathkerncmss.
)
Overfull \vbox (3.20137pt too high) detected at line 46
 []



[2

 <./Figuras/livro-stallings-sec.png>]
<Figuras/livro-stallings-cripto.png, id=44, 461.47406pt x 621.07031pt>
File: Figuras/livro-stallings-cripto.png Graphic file (type png)
<use Figuras/livro-stallings-cripto.png>
Package pdftex.def Info: Figuras/livro-stallings-cripto.png  used on input line 66.
(pdftex.def)             Requested size: 164.5782pt x 221.49077pt.

Overfull \vbox (9.22537pt too high) detected at line 66
 []



[3

 <./Figuras/livro-stallings-cripto.png>]
Overfull \vbox (9.92389pt too high) detected at line 96
 []



[4

]) (./slides-por-aula/Aula1-Motivacao-inicial.tex

Package hyperref Warning: Option `pdfauthor' has already been used,
(hyperref)                setting the option has no effect on input line 3.



[5

]
<Figuras/IoT-ransomware.png, id=113, 742.775pt x 653.44125pt>
File: Figuras/IoT-ransomware.png Graphic file (type png)
<use Figuras/IoT-ransomware.png>
Package pdftex.def Info: Figuras/IoT-ransomware.png  used on input line 29.
(pdftex.def)             Requested size: 259.2117pt x 228.03983pt.

Overfull \vbox (15.77443pt too high) detected at line 29
 []



[6

 <./Figuras/IoT-ransomware.png>]

[7

]
<Figuras/gmail1.png, id=163, 987.69pt x 875.27pt>
File: Figuras/gmail1.png Graphic file (type png)
<use Figuras/gmail1.png>
Package pdftex.def Info: Figuras/gmail1.png  used on input line 66.
(pdftex.def)             Requested size: 197.49133pt x 175.01083pt.
<Figuras/gmail2.png, id=164, 486.31688pt x 480.29437pt>
File: Figuras/gmail2.png Graphic file (type png)
<use Figuras/gmail2.png>
Package pdftex.def Info: Figuras/gmail2.png  used on input line 66.
(pdftex.def)             Requested size: 197.49133pt x 195.0458pt.


[8

 <./Figuras/gmail1.png> <./Figuras/gmail2.png>]
<Figuras/crowdstrike1.png, id=173, 593.96906pt x 542.025pt>
File: Figuras/crowdstrike1.png Graphic file (type png)
<use Figuras/crowdstrike1.png>
Package pdftex.def Info: Figuras/crowdstrike1.png  used on input line 81.
(pdftex.def)             Requested size: 197.49133pt x 180.2169pt.
<Figuras/crowdstrike2.png, id=174, 4047.12pt x 3035.34pt>
File: Figuras/crowdstrike2.png Graphic file (type png)
<use Figuras/crowdstrike2.png>
Package pdftex.def Info: Figuras/crowdstrike2.png  used on input line 81.
(pdftex.def)             Requested size: 197.49133pt x 148.11696pt.


[9

 <./Figuras/crowdstrike1.png> <./Figuras/crowdstrike2.png>]
<Figuras/megavazamento1.png, id=183, 388.45125pt x 191.21437pt>
File: Figuras/megavazamento1.png Graphic file (type png)
<use Figuras/megavazamento1.png>
Package pdftex.def Info: Figuras/megavazamento1.png  used on input line 96.
(pdftex.def)             Requested size: 197.49133pt x 97.21751pt.
<Figuras/megavazamento2.png, id=184, 392.21532pt x 213.04594pt>
File: Figuras/megavazamento2.png Graphic file (type png)
<use Figuras/megavazamento2.png>
Package pdftex.def Info: Figuras/megavazamento2.png  used on input line 96.
(pdftex.def)             Requested size: 197.49133pt x 107.27689pt.
<Figuras/megavazamento3.png, id=185, 377.15906pt x 327.47343pt>
File: Figuras/megavazamento3.png Graphic file (type png)
<use Figuras/megavazamento3.png>
Package pdftex.def Info: Figuras/megavazamento3.png  used on input line 96.
(pdftex.def)             Requested size: 197.49133pt x 171.47142pt.

Overfull \vbox (1.83316pt too high) detected at line 96
 []



[10

 <./Figuras/megavazamento1.png> <./Figuras/megavazamento2.png> <./Figuras/megavazamento3.png>]
Overfull \vbox (1.2474pt too high) detected at line 123
 []



[11

{/usr/share/texmf-dist/fonts/enc/dvips/cm-super/cm-super-ts1.enc}]

[12

]

[13

]
<Figuras/budget-seguranca-antes-depois.png, id=299, 1505.625pt x 2007.5pt>
File: Figuras/budget-seguranca-antes-depois.png Graphic file (type png)
<use Figuras/budget-seguranca-antes-depois.png>
Package pdftex.def Info: Figuras/budget-seguranca-antes-depois.png  used on input line 171.
(pdftex.def)             Requested size: 157.99367pt x 210.65587pt.
<Figuras/empregado-clicou-errado.png, id=300, 903.375pt x 587.19376pt>
File: Figuras/empregado-clicou-errado.png Graphic file (type png)
<use Figuras/empregado-clicou-errado.png>
Package pdftex.def Info: Figuras/empregado-clicou-errado.png  used on input line 171.
(pdftex.def)             Requested size: 197.49133pt x 128.36768pt.


[14

 <./Figuras/budget-seguranca-antes-depois.png> <./Figuras/empregado-clicou-errado.png>]) (./slides-por-aula/Aula2-Conceitos-Confidencialidade-Integridade.tex

Package hyperref Warning: Option `pdfauthor' has already been used,
(hyperref)                setting the option has no effect on input line 3.



[15

]

[16

]

[17

]

[18

]

[19

]

[20

]

[21

]

[22

]

[23

]

[24

]

[25

]
Overfull \vbox (6.87157pt too high) detected at line 238
 []



[26

]

[27

]
\openout4 = `sample.vrb'.

 (./sample.vrb)

[28

]

[29

]) (./slides-por-aula/Aula3-Disponibilidade-Flows-de-Rede.tex

Package hyperref Warning: Option `pdfauthor' has already been used,
(hyperref)                setting the option has no effect on input line 3.



[30

]

[31

]

[32

]
<Figuras/9s-disponibilidade.png, id=474, 636.87938pt x 453.19313pt>
File: Figuras/9s-disponibilidade.png Graphic file (type png)
<use Figuras/9s-disponibilidade.png>
Package pdftex.def Info: Figuras/9s-disponibilidade.png  used on input line 64.
(pdftex.def)             Requested size: 288.00952pt x 204.93771pt.

Overfull \vbox (6.27232pt too high) detected at line 64
 []



[33

 <./Figuras/9s-disponibilidade.png>]

[34

]

[35

]

[36

]

[37

]

[38

]

[39

]

[40

]
<Figuras/nfdump.png, id=573, 757.83125pt x 382.42876pt>
File: Figuras/nfdump.png Graphic file (type png)
<use Figuras/nfdump.png>
Package pdftex.def Info: Figuras/nfdump.png  used on input line 262.
(pdftex.def)             Requested size: 349.72987pt x 176.48538pt.


[41

 <./Figuras/nfdump.png>]
<Figuras/nfdump-filtros-processando.png, id=581, 782.17218pt x 372.64218pt>
File: Figuras/nfdump-filtros-processando.png Graphic file (type png)
<use Figuras/nfdump-filtros-processando.png>
Package pdftex.def Info: Figuras/nfdump-filtros-processando.png  used on input line 272.
(pdftex.def)             Requested size: 349.72987pt x 166.61845pt.


[42

 <./Figuras/nfdump-filtros-processando.png>]

[43

]
<Figuras/front-end-nfsen.png, id=596, 642.4pt x 422.57875pt>
File: Figuras/front-end-nfsen.png Graphic file (type png)
<use Figuras/front-end-nfsen.png>
Package pdftex.def Info: Figuras/front-end-nfsen.png  used on input line 304.
(pdftex.def)             Requested size: 308.58298pt x 202.99669pt.


[44

 <./Figuras/front-end-nfsen.png>]
<Figuras/apresentacao-nfdump-nfsen-layson.png, id=603, 1023.07219pt x 572.1375pt>
File: Figuras/apresentacao-nfdump-nfsen-layson.png Graphic file (type png)
<use Figuras/apresentacao-nfdump-nfsen-layson.png>
Package pdftex.def Info: Figuras/apresentacao-nfdump-nfsen-layson.png  used on input line 317.
(pdftex.def)             Requested size: 308.58298pt x 172.56796pt.


[45

 <./Figuras/apresentacao-nfdump-nfsen-layson.png>]) (./slides-por-aula/Aula4-Conceitos-básicos-de-segurança.tex

Package hyperref Warning: Option `pdfauthor' has already been used,
(hyperref)                setting the option has no effect on input line 3.



[46

]

[47

]

[48

]

[49

]

[50

]

[51

]

[52

]

[53

]

[54

]

[55

]
Overfull \vbox (4.46384pt too high) detected at line 284
 []



[56

]
\openout4 = `sample.vrb'.

 (./sample.vrb)
Overfull \vbox (5.26056pt too high) detected at line 306
 []



[57

]

[58

]
\openout4 = `sample.vrb'.

 (./sample.vrb)

[59

]
<Figuras/Figure1.1.png, id=795, 308.65312pt x 335.00156pt>
File: Figuras/Figure1.1.png Graphic file (type png)
<use Figuras/Figure1.1.png>
Package pdftex.def Info: Figuras/Figure1.1.png  used on input line 361.
(pdftex.def)             Requested size: 205.72198pt x 223.2895pt.

Overfull \vbox (11.02411pt too high) detected at line 361
 []



[60

 <./Figuras/Figure1.1.png>]) (./slides-por-aula/Aula5-Conceitos-criptografia-simetrica.tex

Package hyperref Warning: Option `pdfauthor' has already been used,
(hyperref)                setting the option has no effect on input line 3.



[61

]

[62

]

[63

]

[64

]

[65

]
<Figuras/modelo-cripto-simetrica.png, id=837, 1010.27437pt x 375.65344pt>
File: Figuras/modelo-cripto-simetrica.png Graphic file (type png)
<use Figuras/modelo-cripto-simetrica.png>
Package pdftex.def Info: Figuras/modelo-cripto-simetrica.png  used on input line 99.
(pdftex.def)             Requested size: 411.44397pt x 152.98714pt.


[66

 <./Figuras/modelo-cripto-simetrica.png>]

[67

]

[68

]

[69

]
<Figuras/modelo-cripto-simetrico-2.png, id=875, 1005.7575pt x 563.85657pt>
File: Figuras/modelo-cripto-simetrico-2.png Graphic file (type png)
<use Figuras/modelo-cripto-simetrico-2.png>
Package pdftex.def Info: Figuras/modelo-cripto-simetrico-2.png  used on input line 149.
(pdftex.def)             Requested size: 370.29706pt x 207.59981pt.


[70

 <./Figuras/modelo-cripto-simetrico-2.png>]

[71

]

[72

]

[73

]

[74

]

[75

]

[76

]
<Figuras/tabela-cifra-cesar.png, id=931, 434.37282pt x 666.23906pt>
File: Figuras/tabela-cifra-cesar.png Graphic file (type png)
<use Figuras/tabela-cifra-cesar.png>
Package pdftex.def Info: Figuras/tabela-cifra-cesar.png  used on input line 278.
(pdftex.def)             Requested size: 144.00789pt x 220.87616pt.

Overfull \vbox (8.61076pt too high) detected at line 278
 []



[77

 <./Figuras/tabela-cifra-cesar.png>]

[78

]

[79

]

[80

]

[81

]

[82

]
Overfull \hbox (19.27145pt too wide) in paragraph at lines 425--425
[][]  
 []



[83

]
<Figuras/frequencia-letras-ingles.png, id=969, 916.92563pt x 627.09282pt>
File: Figuras/frequencia-letras-ingles.png Graphic file (type png)
<use Figuras/frequencia-letras-ingles.png>
Package pdftex.def Info: Figuras/frequencia-letras-ingles.png  used on input line 433.
(pdftex.def)             Requested size: 329.15642pt x 225.11214pt.

Overfull \vbox (12.84674pt too high) detected at line 433
 []



[84

 <./Figuras/frequencia-letras-ingles.png>]

[85

]
Overfull \vbox (2.86386pt too high) detected at line 482
 []



[86

]

[87

]
<Figuras/Cifra-playfair.png, id=992, 362.10281pt x 162.6075pt>
File: Figuras/Cifra-playfair.png Graphic file (type png)
<use Figuras/Cifra-playfair.png>
Package pdftex.def Info: Figuras/Cifra-playfair.png  used on input line 514.
(pdftex.def)             Requested size: 329.15642pt x 147.81425pt.


[88

 <./Figuras/Cifra-playfair.png>]

[89

]

[90

]

[91

]

[92

]
<Figuras/Exemplo-Cifra-de-Vigenere.png, id=1022, 800.9925pt x 245.41687pt>
File: Figuras/Exemplo-Cifra-de-Vigenere.png Graphic file (type png)
<use Figuras/Exemplo-Cifra-de-Vigenere.png>
Package pdftex.def Info: Figuras/Exemplo-Cifra-de-Vigenere.png  used on input line 619.
(pdftex.def)             Requested size: 411.44397pt x 126.06342pt.


[93

 <./Figuras/Exemplo-Cifra-de-Vigenere.png>]

[94

]

[95

]
Overfull \vbox (12.86386pt too high) detected at line 692
 []



[96

]
<Figuras/cifra-de-vernam.png, id=1044, 733.23938pt x 247.67531pt>
File: Figuras/cifra-de-vernam.png Graphic file (type png)
<use Figuras/cifra-de-vernam.png>
Package pdftex.def Info: Figuras/cifra-de-vernam.png  used on input line 702.
(pdftex.def)             Requested size: 411.44397pt x 138.98067pt.


[97

 <./Figuras/cifra-de-vernam.png>]

[98

]
<Figuras/exemplo-one-time-pad.png, id=1057, 733.23938pt x 247.67531pt>
File: Figuras/exemplo-one-time-pad.png Graphic file (type png)
<use Figuras/exemplo-one-time-pad.png>
Package pdftex.def Info: Figuras/exemplo-one-time-pad.png  used on input line 731.
(pdftex.def)             Requested size: 411.44397pt x 138.98067pt.


[99

 <./Figuras/exemplo-one-time-pad.png>]
Overfull \vbox (0.49379pt too high) detected at line 754
 []



[100

]) (./slides-por-aula/Aula6-Cifras-de-fluxo.tex

Package hyperref Warning: Option `pdfauthor' has already been used,
(hyperref)                setting the option has no effect on input line 3.



[101

]

[102

]

[103

]

[104

]

[105

]
<Figuras/Cifra-de-fluxo.png, id=1143, 883.04906pt x 398.23781pt>
File: Figuras/Cifra-de-fluxo.png Graphic file (type png)
<use Figuras/Cifra-de-fluxo.png>
Package pdftex.def Info: Figuras/Cifra-de-fluxo.png  used on input line 139.
(pdftex.def)             Requested size: 411.44397pt x 185.5554pt.


[106

 <./Figuras/Cifra-de-fluxo.png>]

[107

]
<Figuras/xor-cifrado-fluxo.png, id=1155, 642.90187pt x 237.13594pt>
File: Figuras/xor-cifrado-fluxo.png Graphic file (type png)
<use Figuras/xor-cifrado-fluxo.png>
Package pdftex.def Info: Figuras/xor-cifrado-fluxo.png  used on input line 160.
(pdftex.def)             Requested size: 411.44397pt x 151.76646pt.


[108

 <./Figuras/xor-cifrado-fluxo.png>]

[109

]

[110

]

[111

]

[112

]

[113

]

[114

]

[115

]

[116

]

[117

]

[118

]

[119

]

[120

]
<Figuras/rc4-inicializacao.png, id=1225, 286.82156pt x 115.18031pt>
File: Figuras/rc4-inicializacao.png Graphic file (type png)
<use Figuras/rc4-inicializacao.png>
Package pdftex.def Info: Figuras/rc4-inicializacao.png  used on input line 371.
(pdftex.def)             Requested size: 411.44397pt x 165.2303pt.


[121

 <./Figuras/rc4-inicializacao.png>]

[122

]
<Figuras/rc4-permutacao-inicial.png, id=1238, 380.17032pt x 145.29282pt>
File: Figuras/rc4-permutacao-inicial.png Graphic file (type png)
<use Figuras/rc4-permutacao-inicial.png>
Package pdftex.def Info: Figuras/rc4-permutacao-inicial.png  used on input line 412.
(pdftex.def)             Requested size: 411.44397pt x 157.24866pt.

Overfull \vbox (15.35204pt too high) detected at line 412
 []



[123

 <./Figuras/rc4-permutacao-inicial.png>]
<Figuras/rc4-geracao-de-fluxo.png, id=1245, 292.09125pt x 221.32687pt>
File: Figuras/rc4-geracao-de-fluxo.png Graphic file (type png)
<use Figuras/rc4-geracao-de-fluxo.png>
Package pdftex.def Info: Figuras/rc4-geracao-de-fluxo.png  used on input line 435.
(pdftex.def)             Requested size: 164.57507pt x 124.7088pt.

Overfull \vbox (0.9101pt too high) detected at line 435
 []



[124

 <./Figuras/rc4-geracao-de-fluxo.png>]
<Figuras/rc4-big-picture.png, id=1252, 887.56593pt x 604.50844pt>
File: Figuras/rc4-big-picture.png Graphic file (type png)
<use Figuras/rc4-big-picture.png>
Package pdftex.def Info: Figuras/rc4-big-picture.png  used on input line 446.
(pdftex.def)             Requested size: 308.58298pt x 210.16985pt.


[125

 <./Figuras/rc4-big-picture.png>]

[126

]) (./slides-por-aula/Aula7-WEP.tex

Package hyperref Warning: Option `pdfauthor' has already been used,
(hyperref)                setting the option has no effect on input line 3.



[127

]

[128

]

[129

]

[130

]

[131

]

[132

]

[133

]

[134

]
<Figuras/wep-auth.png, id=1319, 319.94531pt x 251.43938pt>
File: Figuras/wep-auth.png Graphic file (type png)
<use Figuras/wep-auth.png>
Package pdftex.def Info: Figuras/wep-auth.png  used on input line 186.
(pdftex.def)             Requested size: 226.29543pt x 177.8441pt.


[135

 <./Figuras/wep-auth.png>]
<Figuras/wep-authentication-message.png, id=1338, 508.90125pt x 125.46875pt>
File: Figuras/wep-authentication-message.png Graphic file (type png)
<use Figuras/wep-authentication-message.png>
Package pdftex.def Info: Figuras/wep-authentication-message.png  used on input line 215.
(pdftex.def)             Requested size: 226.29543pt x 55.79224pt.


[136

 <./Figuras/wep-authentication-message.png>]

[137

]

[138

]

[139

]

[140

]
<Figuras/rc4-wep-stream.png, id=1414, 427.5975pt x 125.46875pt>
File: Figuras/rc4-wep-stream.png Graphic file (type png)
<use Figuras/rc4-wep-stream.png>
Package pdftex.def Info: Figuras/rc4-wep-stream.png  used on input line 310.
(pdftex.def)             Requested size: 226.29543pt x 66.40047pt.


[141

 <./Figuras/rc4-wep-stream.png>]

[142

]

[143

]
<Figuras/wep-iv-secret-key.png, id=1444, 333.49594pt x 137.01187pt>
File: Figuras/wep-iv-secret-key.png Graphic file (type png)
<use Figuras/wep-iv-secret-key.png>
Package pdftex.def Info: Figuras/wep-iv-secret-key.png  used on input line 362.
(pdftex.def)             Requested size: 226.29543pt x 92.97241pt.


[144

 <./Figuras/wep-iv-secret-key.png>]
<Figuras/frame-encrypted-using-wep.png, id=1451, 411.03563pt x 158.84344pt>
File: Figuras/frame-encrypted-using-wep.png Graphic file (type png)
<use Figuras/frame-encrypted-using-wep.png>
Package pdftex.def Info: Figuras/frame-encrypted-using-wep.png  used on input line 377.
(pdftex.def)             Requested size: 370.29706pt x 143.10077pt.


[145

 <./Figuras/frame-encrypted-using-wep.png>]

[146

]

[147

]

[148

]

[149

]

[150

]

[151

]

[152

]

[153

]

[154

]

[155

]

[156

]

[157

]

[158

]

[159

]

[160

]

[161

]

[162

]

[163

]) (./slides-por-aula/Aula8-nums-pseudoal.tex

Package hyperref Warning: Option `pdfauthor' has already been used,
(hyperref)                setting the option has no effect on input line 3.



[164

]

[165

]

[166

]
<Figuras/veracrypt-randomness.png, id=1613, 595.47469pt x 375.65344pt>
File: Figuras/veracrypt-randomness.png Graphic file (type png)
<use Figuras/veracrypt-randomness.png>
Package pdftex.def Info: Figuras/veracrypt-randomness.png  used on input line 76.
(pdftex.def)             Requested size: 329.15642pt x 207.6475pt.


[167

 <./Figuras/veracrypt-randomness.png>]

[168

]

[169

]

[170

]
<Figuras/TRNgsPRNGsPRFs.png, id=1637, 925.20656pt x 521.69907pt>
File: Figuras/TRNgsPRNGsPRFs.png Graphic file (type png)
<use Figuras/TRNgsPRNGsPRFs.png>
Package pdftex.def Info: Figuras/TRNgsPRNGsPRFs.png  used on input line 128.
(pdftex.def)             Requested size: 370.29706pt x 208.80328pt.


[171

 <./Figuras/TRNgsPRNGsPRFs.png>]

[172

]

[173

]

[174

]

[175

]

[176

]

[177

]

[178

]

[179

]

[180

]

[181

]
<Figuras/semente-entrando-prng.png, id=1746, 769.37437pt x 359.84438pt>
File: Figuras/semente-entrando-prng.png Graphic file (type png)
<use Figuras/semente-entrando-prng.png>
Package pdftex.def Info: Figuras/semente-entrando-prng.png  used on input line 289.
(pdftex.def)             Requested size: 370.29706pt x 173.19554pt.


[182

 <./Figuras/semente-entrando-prng.png>]

[183

]

[184

]

[185

]
<Figuras/tabelaprngtrng.png, id=1771, 925.20656pt x 243.15843pt>
File: Figuras/tabelaprngtrng.png Graphic file (type png)
<use Figuras/tabelaprngtrng.png>
Package pdftex.def Info: Figuras/tabelaprngtrng.png  used on input line 360.
(pdftex.def)             Requested size: 370.29706pt x 97.32101pt.


[186

 <./Figuras/tabelaprngtrng.png>]

[187

]

[188

]

[189

]

[190

]
<Figuras/gerador-numero-aleatorio-intel.png, id=1801, 925.20656pt x 540.51938pt>
File: Figuras/gerador-numero-aleatorio-intel.png Graphic file (type png)
<use Figuras/gerador-numero-aleatorio-intel.png>
Package pdftex.def Info: Figuras/gerador-numero-aleatorio-intel.png  used on input line 425.
(pdftex.def)             Requested size: 370.29706pt x 216.33588pt.

Overfull \vbox (4.07048pt too high) detected at line 425
 []



[191

 <./Figuras/gerador-numero-aleatorio-intel.png>]

[192

]

[193

]

[194

]
Overfull \vbox (9.12372pt too high) detected at line 491
 []



[195

]

[196

]
<Figuras/estrutura-logica-drng-intel.png, id=1895, 769.37437pt x 743.02594pt>
File: Figuras/estrutura-logica-drng-intel.png Graphic file (type png)
<use Figuras/estrutura-logica-drng-intel.png>
Package pdftex.def Info: Figuras/estrutura-logica-drng-intel.png  used on input line 521.
(pdftex.def)             Requested size: 226.29543pt x 218.54451pt.

Overfull \vbox (6.27911pt too high) detected at line 521
 []



[197

 <./Figuras/estrutura-logica-drng-intel.png>]
\openout4 = `sample.vrb'.

 (./sample.vrb)

[198

]
\openout4 = `sample.vrb'.

 (./sample.vrb)

[199

]) (./slides-por-aula/Aula9-cifra-bloco.tex

Package hyperref Warning: Option `pdfauthor' has already been used,
(hyperref)                setting the option has no effect on input line 3.



[200

]

[201

]
<Figuras/cifra-de-bloco-cifra-de-fluxo.png, id=1933, 743.02594pt x 470.50781pt>
File: Figuras/cifra-de-bloco-cifra-de-fluxo.png Graphic file (type png)
<use Figuras/cifra-de-bloco-cifra-de-fluxo.png>
Package pdftex.def Info: Figuras/cifra-de-bloco-cifra-de-fluxo.png  used on input line 50.
(pdftex.def)             Requested size: 370.29706pt x 234.48512pt.

Overfull \vbox (22.21973pt too high) detected at line 50
 []



[202

 <./Figuras/cifra-de-bloco-cifra-de-fluxo.png>]

LaTeX Warning: Citation `SHAN49' on page 203 undefined on input line 69.



[203

]
Overfull \vbox (7.95999pt too high) detected at line 90
 []



[204

]

[205

]
<Figuras/cifra-de-feistel.png, id=1958, 743.02594pt x 660.21657pt>
File: Figuras/cifra-de-feistel.png Graphic file (type png)
<use Figuras/cifra-de-feistel.png>
Package pdftex.def Info: Figuras/cifra-de-feistel.png  used on input line 118.
(pdftex.def)             Requested size: 246.86888pt x 219.35303pt.

Overfull \vbox (7.08763pt too high) detected at line 118
 []



[206

 <./Figuras/cifra-de-feistel.png>]

[207

]

[208

]

[209

]

[210

]

[211

]

[212

]
<Figuras/ultima-milha-feistel.png, id=1996, 738.50906pt x 301.8778pt>
File: Figuras/ultima-milha-feistel.png Graphic file (type png)
<use Figuras/ultima-milha-feistel.png>
Package pdftex.def Info: Figuras/ultima-milha-feistel.png  used on input line 253.
(pdftex.def)             Requested size: 205.72198pt x 84.09221pt.
<Figuras/propriedades-xor-feistel.png, id=1997, 486.31688pt x 263.48438pt>
File: Figuras/propriedades-xor-feistel.png Graphic file (type png)
<use Figuras/propriedades-xor-feistel.png>
Package pdftex.def Info: Figuras/propriedades-xor-feistel.png  used on input line 253.
(pdftex.def)             Requested size: 164.57507pt x 89.16536pt.

Overfull \vbox (23.05052pt too high) detected at line 253
 []



[213

 <./Figuras/ultima-milha-feistel.png> <./Figuras/propriedades-xor-feistel.png>]
<Figuras/feistel.png, id=2005, 1866.975pt x 643.40375pt>
File: Figuras/feistel.png Graphic file (type png)
<use Figuras/feistel.png>
Package pdftex.def Info: Figuras/feistel.png  used on input line 266.
(pdftex.def)             Requested size: 370.29706pt x 127.60835pt.


[214

 <./Figuras/feistel.png>]
<Figuras/feistel-resumo-livro.png, id=2012, 983.92593pt x 344.03531pt>
File: Figuras/feistel-resumo-livro.png Graphic file (type png)
<use Figuras/feistel-resumo-livro.png>
Package pdftex.def Info: Figuras/feistel-resumo-livro.png  used on input line 279.
(pdftex.def)             Requested size: 370.29706pt x 129.47488pt.


[215

 <./Figuras/feistel-resumo-livro.png>]

[216

]
<Figuras/DES-esquema.png, id=2024, 880.79062pt x 732.48656pt>
File: Figuras/DES-esquema.png Graphic file (type png)
<use Figuras/DES-esquema.png>
Package pdftex.def Info: Figuras/DES-esquema.png  used on input line 316.
(pdftex.def)             Requested size: 246.86888pt x 205.29602pt.

Overfull \vbox (1.03062pt too high) detected at line 316
 []



[217

 <./Figuras/DES-esquema.png>]

[218

]

[219

]
<Figuras/DES-esquema-2.png, id=2042, 446.41782pt x 538.26094pt>
File: Figuras/DES-esquema-2.png Graphic file (type png)
<use Figuras/DES-esquema-2.png>
Package pdftex.def Info: Figuras/DES-esquema-2.png  used on input line 354.
(pdftex.def)             Requested size: 185.14853pt x 223.2427pt.

Overfull \vbox (18.97731pt too high) detected at line 354
 []



[220

 <./Figuras/DES-esquema-2.png>]

[221

]

[222

]

[223

]
Overfull \vbox (12.36383pt too high) detected at line 448
 []



[224

]
<Figuras/one-round-des.png, id=2071, 831.105pt x 341.02406pt>
File: Figuras/one-round-des.png Graphic file (type png)
<use Figuras/one-round-des.png>
Package pdftex.def Info: Figuras/one-round-des.png  used on input line 457.
(pdftex.def)             Requested size: 411.44397pt x 168.82564pt.


[225

 <./Figuras/one-round-des.png>]
<Figuras/palindromo-hexadecimal-des.png, id=2078, 481.04718pt x 135.50626pt>
File: Figuras/palindromo-hexadecimal-des.png Graphic file (type png)
<use Figuras/palindromo-hexadecimal-des.png>
Package pdftex.def Info: Figuras/palindromo-hexadecimal-des.png  used on input line 473.
(pdftex.def)             Requested size: 205.72198pt x 57.9502pt.


[226

 <./Figuras/palindromo-hexadecimal-des.png>]
<Figuras/des-lado1.png, id=2085, 922.19531pt x 454.69875pt>
File: Figuras/des-lado1.png Graphic file (type png)
<use Figuras/des-lado1.png>
Package pdftex.def Info: Figuras/des-lado1.png  used on input line 500.
(pdftex.def)             Requested size: 197.49133pt x 97.36978pt.
<Figuras/des-lado2.png, id=2086, 922.19531pt x 420.06938pt>
File: Figuras/des-lado2.png Graphic file (type png)
<use Figuras/des-lado2.png>
Package pdftex.def Info: Figuras/des-lado2.png  used on input line 500.
(pdftex.def)             Requested size: 197.49133pt x 89.95421pt.


[227

 <./Figuras/des-lado1.png> <./Figuras/des-lado2.png>]

[228

]

[229

]
<Figuras/des-efeito-avalanche.png, id=2106, 922.19531pt x 640.64343pt>
File: Figuras/des-efeito-avalanche.png Graphic file (type png)
<use Figuras/des-efeito-avalanche.png>
Package pdftex.def Info: Figuras/des-efeito-avalanche.png  used on input line 537.
(pdftex.def)             Requested size: 288.00952pt x 200.07349pt.


[230

 <./Figuras/des-efeito-avalanche.png>]

[231

]
<Figuras/des-efeito-avalanche-chave.png, id=2118, 922.19531pt x 640.64343pt>
File: Figuras/des-efeito-avalanche-chave.png Graphic file (type png)
<use Figuras/des-efeito-avalanche-chave.png>
Package pdftex.def Info: Figuras/des-efeito-avalanche-chave.png  used on input line 559.
(pdftex.def)             Requested size: 288.00952pt x 200.07349pt.


[232

 <./Figuras/des-efeito-avalanche-chave.png>]

[233

]

[234

]

[235

]

[236

]
<Figuras/tempo-para-quebrar.png, id=2146, 922.19531pt x 426.84468pt>
File: Figuras/tempo-para-quebrar.png Graphic file (type png)
<use Figuras/tempo-para-quebrar.png>
Package pdftex.def Info: Figuras/tempo-para-quebrar.png  used on input line 628.
(pdftex.def)             Requested size: 370.29706pt x 171.39267pt.


[237

 <./Figuras/tempo-para-quebrar.png>]

[238

]

[239

]

[240

]

[241

]

[242

]
<Figuras/3des-ede.png, id=2181, 922.19531pt x 540.51938pt>
File: Figuras/3des-ede.png Graphic file (type png)
<use Figuras/3des-ede.png>
Package pdftex.def Info: Figuras/3des-ede.png  used on input line 723.
(pdftex.def)             Requested size: 370.29706pt x 217.03693pt.

Overfull \vbox (4.77153pt too high) detected at line 723
 []



[243

 <./Figuras/3des-ede.png>]

[244

]

[245

]

[246

]

[247

]
<Figuras/tipos-aes.png, id=2209, 444.15938pt x 187.45032pt>
File: Figuras/tipos-aes.png Graphic file (type png)
<use Figuras/tipos-aes.png>
Package pdftex.def Info: Figuras/tipos-aes.png  used on input line 787.
(pdftex.def)             Requested size: 370.29706pt x 156.2759pt.


[248

 <./Figuras/tipos-aes.png>]

[249

]

[250

]

[251

]
<Figuras/aes-modo-ecb.png, id=2235, 608.2725pt x 511.15968pt>
File: Figuras/aes-modo-ecb.png Graphic file (type png)
<use Figuras/aes-modo-ecb.png>
Package pdftex.def Info: Figuras/aes-modo-ecb.png  used on input line 846.
(pdftex.def)             Requested size: 246.86888pt x 207.4553pt.


[252

 <./Figuras/aes-modo-ecb.png>]

[253

]
<Figuras/aes-modo-cbc.png, id=2248, 536.0025pt x 467.49657pt>
File: Figuras/aes-modo-cbc.png Graphic file (type png)
<use Figuras/aes-modo-cbc.png>
Package pdftex.def Info: Figuras/aes-modo-cbc.png  used on input line 867.
(pdftex.def)             Requested size: 246.86888pt x 215.31496pt.

Overfull \vbox (3.04956pt too high) detected at line 867
 []



[254

 <./Figuras/aes-modo-cbc.png>]

[255

]
<Figuras/aes-modo-ctr.png, id=2261, 628.59843pt x 467.49657pt>
File: Figuras/aes-modo-ctr.png Graphic file (type png)
<use Figuras/aes-modo-ctr.png>
Package pdftex.def Info: Figuras/aes-modo-ctr.png  used on input line 890.
(pdftex.def)             Requested size: 246.86888pt x 183.59981pt.


[256

 <./Figuras/aes-modo-ctr.png>]

[257

]
<Figuras/aes-modo-gcm.png, id=2274, 766.36313pt x 375.65344pt>
File: Figuras/aes-modo-gcm.png Graphic file (type png)
<use Figuras/aes-modo-gcm.png>
Package pdftex.def Info: Figuras/aes-modo-gcm.png  used on input line 920.
(pdftex.def)             Requested size: 329.15642pt x 161.34439pt.


[258

 <./Figuras/aes-modo-gcm.png>]

[259

]

[260

]) (./slides-por-aula/Aula10-hash.tex

Package hyperref Warning: Option `pdfauthor' has already been used,
(hyperref)                setting the option has no effect on input line 3.



[261

]

[262

]

[263

]

[264

]
<Figuras/Hash-moedor.png, id=2321, 584.93532pt x 300.3722pt>
File: Figuras/Hash-moedor.png Graphic file (type png)
<use Figuras/Hash-moedor.png>
Package pdftex.def Info: Figuras/Hash-moedor.png  used on input line 79.
(pdftex.def)             Requested size: 329.15642pt x 169.03226pt.


[265

 <./Figuras/Hash-moedor.png>]

[266

]

[267

]

[268

]
<Figuras/autenticacao-basica.png, id=2344, 349.305pt x 227.34938pt>
File: Figuras/autenticacao-basica.png Graphic file (type png)
<use Figuras/autenticacao-basica.png>
Package pdftex.def Info: Figuras/autenticacao-basica.png  used on input line 143.
(pdftex.def)             Requested size: 246.86888pt x 160.68027pt.


[269

 <./Figuras/autenticacao-basica.png>]
<Figuras/mitm-autenticacao-hash.png, id=2363, 578.91281pt x 532.23843pt>
File: Figuras/mitm-autenticacao-hash.png Graphic file (type png)
<use Figuras/mitm-autenticacao-hash.png>
Package pdftex.def Info: Figuras/mitm-autenticacao-hash.png  used on input line 151.
(pdftex.def)             Requested size: 246.86888pt x 226.96579pt.

Overfull \vbox (14.7004pt too high) detected at line 151
 []



[270

 <./Figuras/mitm-autenticacao-hash.png>]

[271

]

[272

]
<Figuras/esquema1-hash.png, id=2391, 501.37312pt x 128.73094pt>
File: Figuras/esquema1-hash.png Graphic file (type png)
<use Figuras/esquema1-hash.png>
Package pdftex.def Info: Figuras/esquema1-hash.png  used on input line 195.
(pdftex.def)             Requested size: 288.00952pt x 73.95094pt.


[273

 <./Figuras/esquema1-hash.png>]
<Figuras/esquema2-hash.png, id=2398, 425.33907pt x 120.45pt>
File: Figuras/esquema2-hash.png Graphic file (type png)
<use Figuras/esquema2-hash.png>
Package pdftex.def Info: Figuras/esquema2-hash.png  used on input line 209.
(pdftex.def)             Requested size: 288.00952pt x 81.56488pt.


[274

 <./Figuras/esquema2-hash.png>]

[275

]

[276

]
<Figuras/esquema3-hash.png, id=2446, 441.14813pt x 104.64093pt>
File: Figuras/esquema3-hash.png Graphic file (type png)
<use Figuras/esquema3-hash.png>
Package pdftex.def Info: Figuras/esquema3-hash.png  used on input line 264.
(pdftex.def)             Requested size: 288.00952pt x 68.31915pt.


[277

 <./Figuras/esquema3-hash.png>]

[278

]

[279

]
<Figuras/esquema4-hash.png, id=2464, 506.6428pt x 104.64093pt>
File: Figuras/esquema4-hash.png Graphic file (type png)
<use Figuras/esquema4-hash.png>
Package pdftex.def Info: Figuras/esquema4-hash.png  used on input line 300.
(pdftex.def)             Requested size: 288.00952pt x 59.48627pt.


[280

 <./Figuras/esquema4-hash.png>]
<Figuras/hash-certificado-digtal1.png, id=2480, 554.82281pt x 137.7647pt>
File: Figuras/hash-certificado-digtal1.png Graphic file (type png)
<use Figuras/hash-certificado-digtal1.png>
Package pdftex.def Info: Figuras/hash-certificado-digtal1.png  used on input line 316.
(pdftex.def)             Requested size: 288.00952pt x 71.514pt.


[281

 <./Figuras/hash-certificado-digtal1.png>]
<Figuras/hash-certificado-digtal2.png, id=2487, 554.82281pt x 137.7647pt>
File: Figuras/hash-certificado-digtal2.png Graphic file (type png)
<use Figuras/hash-certificado-digtal2.png>
Package pdftex.def Info: Figuras/hash-certificado-digtal2.png  used on input line 329.
(pdftex.def)             Requested size: 288.00952pt x 71.514pt.


[282

 <./Figuras/hash-certificado-digtal2.png>]

[283

]

[284

]
<Figuras/funcao-hash-simples.png, id=2507, 596.2275pt x 281.05pt>
File: Figuras/funcao-hash-simples.png Graphic file (type png)
<use Figuras/funcao-hash-simples.png>
Package pdftex.def Info: Figuras/funcao-hash-simples.png  used on input line 385.
(pdftex.def)             Requested size: 205.72198pt x 96.97092pt.


[285

 <./Figuras/funcao-hash-simples.png>]
<Figuras/hash-simples-xor.png, id=2514, 752.8125pt x 591.71063pt>
File: Figuras/hash-simples-xor.png Graphic file (type png)
<use Figuras/hash-simples-xor.png>
Package pdftex.def Info: Figuras/hash-simples-xor.png  used on input line 393.
(pdftex.def)             Requested size: 267.43607pt x 210.20772pt.


[286

 <./Figuras/hash-simples-xor.png>]

[287

]

[288

]

[289

]
<Figuras/requisitos-funcao-hash.png, id=2537, 648.92438pt x 313.17pt>
File: Figuras/requisitos-funcao-hash.png Graphic file (type png)
<use Figuras/requisitos-funcao-hash.png>
Package pdftex.def Info: Figuras/requisitos-funcao-hash.png  used on input line 435.
(pdftex.def)             Requested size: 370.29706pt x 178.70467pt.

Overfull \vbox (1.63928pt too high) detected at line 435
 []



[290

 <./Figuras/requisitos-funcao-hash.png>]

[291

]

[292

]

[293

]

[294

]
<Figuras/relacao-entre-propriedades-hash.png, id=2566, 837.88031pt x 322.95656pt>
File: Figuras/relacao-entre-propriedades-hash.png Graphic file (type png)
<use Figuras/relacao-entre-propriedades-hash.png>
Package pdftex.def Info: Figuras/relacao-entre-propriedades-hash.png  used on input line 507.
(pdftex.def)             Requested size: 370.29706pt x 142.72716pt.

Overfull \vbox (9.59096pt too high) detected at line 507
 []



[295

 <./Figuras/relacao-entre-propriedades-hash.png>]
<Figuras/propriedades-resistencia-hash.png, id=2574, 837.88031pt x 306.39468pt>
File: Figuras/propriedades-resistencia-hash.png Graphic file (type png)
<use Figuras/propriedades-resistencia-hash.png>
Package pdftex.def Info: Figuras/propriedades-resistencia-hash.png  used on input line 517.
(pdftex.def)             Requested size: 411.44397pt x 150.45262pt.


[296

 <./Figuras/propriedades-resistencia-hash.png>]

[297

]

[298

]

[299

]

[300

]

[301

]
<Figuras/resumo-do-esforco-exigido.png, id=2607, 508.14844pt x 143.78719pt>
File: Figuras/resumo-do-esforco-exigido.png Graphic file (type png)
<use Figuras/resumo-do-esforco-exigido.png>
Package pdftex.def Info: Figuras/resumo-do-esforco-exigido.png  used on input line 575.
(pdftex.def)             Requested size: 288.00952pt x 81.4988pt.


[302

 <./Figuras/resumo-do-esforco-exigido.png>]

[303

]

[304

]

[305

]
<Figuras/estrutura-gera-hash-seguro.png, id=2629, 1017.8025pt x 369.63094pt>
File: Figuras/estrutura-gera-hash-seguro.png Graphic file (type png)
<use Figuras/estrutura-gera-hash-seguro.png>
Package pdftex.def Info: Figuras/estrutura-gera-hash-seguro.png  used on input line 624.
(pdftex.def)             Requested size: 370.29706pt x 134.47705pt.


[306

 <./Figuras/estrutura-gera-hash-seguro.png>]
<Figuras/pode-ser-resumida-seg-forma.png, id=2636, 522.45187pt x 149.05687pt>
File: Figuras/pode-ser-resumida-seg-forma.png Graphic file (type png)
<use Figuras/pode-ser-resumida-seg-forma.png>
Package pdftex.def Info: Figuras/pode-ser-resumida-seg-forma.png  used on input line 632.
(pdftex.def)             Requested size: 370.29706pt x 105.64915pt.


[307

 <./Figuras/pode-ser-resumida-seg-forma.png>]

[308

]

[309

]

[310

]

[311

]

[312

]
<Figuras/tabela-sha.png, id=2669, 1023.825pt x 429.10312pt>
File: Figuras/tabela-sha.png Graphic file (type png)
<use Figuras/tabela-sha.png>
Package pdftex.def Info: Figuras/tabela-sha.png  used on input line 708.
(pdftex.def)             Requested size: 411.44397pt x 172.44356pt.


[313

 <./Figuras/tabela-sha.png>]

[314

]

[315

]
<Figuras/buffer-hash-sha256.png, id=2687, 570.63188pt x 117.43875pt>
File: Figuras/buffer-hash-sha256.png Graphic file (type png)
<use Figuras/buffer-hash-sha256.png>
Package pdftex.def Info: Figuras/buffer-hash-sha256.png  used on input line 752.
(pdftex.def)             Requested size: 389.54391pt x 80.16908pt.


[316

 <./Figuras/buffer-hash-sha256.png>])
\tf@nav=\write6
\openout6 = `sample.nav'.

\tf@toc=\write7
\openout7 = `sample.toc'.

\tf@snm=\write8
\openout8 = `sample.snm'.

 (./sample.aux)
 ***********
LaTeX2e <2024-11-01> patch level 2
L3 programming layer <2025-01-18>
 ***********


LaTeX Warning: There were undefined references.

Package rerunfilecheck Info: File `sample.out' has not changed.
(rerunfilecheck)             Checksum: D41D8CD98F00B204E9800998ECF8427E;0.
 ) 
Here is how much of TeX's memory you used:
 27382 strings out of 475151
 549240 string characters out of 5766386
 900219 words of memory out of 5000000
 49193 multiletter control sequences out of 15000+600000
 577780 words of font info for 104 fonts, out of 8000000 for 9000
 16 hyphenation exceptions out of 8191
 128i,13n,123p,523b,899s stack positions out of 10000i,1000n,20000p,200000b,200000s
</usr/share/texmf-dist/fonts/type1/public/amsfonts/cm/cmex10.pfb></usr/share/texmf-dist/fonts/type1/public/amsfonts/cm/cmmi10.pfb></usr/share/texmf-dist/fonts/type1/public/amsfonts/cm/cmmi7.pfb></usr/share/texmf-dist/fonts/type1/public/amsfonts/cm/cmmi8.pfb></usr/share/texmf-dist/fonts/type1/public/amsfonts/cm/cmss10.pfb></usr/share/texmf-dist/fonts/type1/public/amsfonts/cm/cmss12.pfb></usr/share/texmf-dist/fonts/type1/public/amsfonts/cm/cmss17.pfb></usr/share/texmf-dist/fonts/type1/public/amsfonts/cm/cmss8.pfb></usr/share/texmf-dist/fonts/type1/public/amsfonts/cm/cmss9.pfb></usr/share/texmf-dist/fonts/type1/public/amsfonts/cm/cmssbx10.pfb></usr/share/texmf-dist/fonts/type1/public/amsfonts/cm/cmssi10.pfb></usr/share/texmf-dist/fonts/type1/public/amsfonts/cm/cmssi12.pfb></usr/share/texmf-dist/fonts/type1/public/amsfonts/cm/cmssi8.pfb></usr/share/texmf-dist/fonts/type1/public/amsfonts/cm/cmssi9.pfb></usr/share/texmf-dist/fonts/type1/public/amsfonts/cm/cmsy10.pfb></usr/share/texmf-dist/fonts/type1/public/amsfonts/cm/cmsy7.pfb></usr/share/texmf-dist/fonts/type1/public/amsfonts/cm/cmsy8.pfb></usr/share/texmf-dist/fonts/type1/public/amsfonts/cm/cmsy9.pfb></usr/share/texmf-dist/fonts/type1/public/amsfonts/cm/cmtt10.pfb></usr/share/texmf-dist/fonts/type1/public/amsfonts/cm/cmtt8.pfb></usr/share/texmf-dist/fonts/type1/public/amsfonts/symbols/msam10.pfb></usr/share/texmf-dist/fonts/type1/public/cm-super/sfss1000.pfb></usr/share/texmf-dist/fonts/type1/public/cm-super/sfss1095.pfb></usr/share/texmf-dist/fonts/type1/public/cm-super/sfsx1095.pfb></usr/share/texmf-dist/fonts/type1/public/cm-super/sftt1095.pfb>
Output written on sample.pdf (316 pages, 20486387 bytes).
PDF statistics:
 2943 PDF objects out of 2984 (max. 8388607)
 1974 compressed objects within 20 object streams
 633 named destinations out of 1000 (max. 500000)
 2906 words of extra memory for PDF output out of 10000 (max. 10000000)

